<?xml version="1.0" encoding="UTF-8"?>
<testng-results ignored="0" total="17" passed="17" failed="0" skipped="0">
  <reporter-output>
  </reporter-output>
  <suite started-at="2022-08-16T17:35:11 IST" name="Command line suite" finished-at="2022-08-16T17:35:40 IST" duration-ms="29745">
    <groups>
      <group name="cucumber">
        <method signature="AbstractTestNGCucumberTests.runScenario(io.cucumber.testng.PickleWrapper,io.cucumber.testng.FeatureWrapper)[pri:0, instance:EmpRunner.TestRunner@2890c451]" name="runScenario" class="io.cucumber.testng.AbstractTestNGCucumberTests"/>
      </group> <!-- cucumber -->
    </groups>
    <test started-at="2022-08-16T17:35:11 IST" name="Command line test" finished-at="2022-08-16T17:35:40 IST" duration-ms="29745">
      <class name="EmpRunner.TestRunner">
        <test-method is-config="true" signature="setUpClass()[pri:0, instance:EmpRunner.TestRunner@2890c451]" started-at="2022-08-16T17:35:13 IST" name="setUpClass" finished-at="2022-08-16T17:35:15 IST" duration-ms="1794" status="PASS">
          <reporter-output>
          </reporter-output>
        </test-method> <!-- setUpClass -->
        <test-method signature="runScenario(io.cucumber.testng.PickleWrapper,io.cucumber.testng.FeatureWrapper)[pri:0, instance:EmpRunner.TestRunner@2890c451]" started-at="2022-08-16T17:35:15 IST" name="runScenario" description="Runs Cucumber Scenarios" data-provider="scenarios" finished-at="2022-08-16T17:35:22 IST" duration-ms="6710" status="PASS">
          <params>
            <param index="0">
              <value>
                <![CDATA["Verify that a Employee is created"]]>
              </value>
            </param>
            <param index="1">
              <value>
                <![CDATA["Optional[EmployeeController Feature]"]]>
              </value>
            </param>
          </params>
          <reporter-output>
          </reporter-output>
        </test-method> <!-- runScenario -->
        <test-method signature="runScenario(io.cucumber.testng.PickleWrapper,io.cucumber.testng.FeatureWrapper)[pri:0, instance:EmpRunner.TestRunner@2890c451]" started-at="2022-08-16T17:35:22 IST" name="runScenario" description="Runs Cucumber Scenarios" data-provider="scenarios" finished-at="2022-08-16T17:35:22 IST" duration-ms="537" status="PASS">
          <params>
            <param index="0">
              <value>
                <![CDATA["Verify that error is thrown when firstName is not given While Creating a Employee"]]>
              </value>
            </param>
            <param index="1">
              <value>
                <![CDATA["Optional[EmployeeController Feature]"]]>
              </value>
            </param>
          </params>
          <reporter-output>
          </reporter-output>
        </test-method> <!-- runScenario -->
        <test-method signature="runScenario(io.cucumber.testng.PickleWrapper,io.cucumber.testng.FeatureWrapper)[pri:0, instance:EmpRunner.TestRunner@2890c451]" started-at="2022-08-16T17:35:22 IST" name="runScenario" description="Runs Cucumber Scenarios" data-provider="scenarios" finished-at="2022-08-16T17:35:23 IST" duration-ms="491" status="PASS">
          <params>
            <param index="0">
              <value>
                <![CDATA["Verify that error is thrown when lastName is not given While Creating a Employee"]]>
              </value>
            </param>
            <param index="1">
              <value>
                <![CDATA["Optional[EmployeeController Feature]"]]>
              </value>
            </param>
          </params>
          <reporter-output>
          </reporter-output>
        </test-method> <!-- runScenario -->
        <test-method signature="runScenario(io.cucumber.testng.PickleWrapper,io.cucumber.testng.FeatureWrapper)[pri:0, instance:EmpRunner.TestRunner@2890c451]" started-at="2022-08-16T17:35:23 IST" name="runScenario" description="Runs Cucumber Scenarios" data-provider="scenarios" finished-at="2022-08-16T17:35:23 IST" duration-ms="463" status="PASS">
          <params>
            <param index="0">
              <value>
                <![CDATA["Verify that error is thrown when address is not given While Creating a Employee"]]>
              </value>
            </param>
            <param index="1">
              <value>
                <![CDATA["Optional[EmployeeController Feature]"]]>
              </value>
            </param>
          </params>
          <reporter-output>
          </reporter-output>
        </test-method> <!-- runScenario -->
        <test-method signature="runScenario(io.cucumber.testng.PickleWrapper,io.cucumber.testng.FeatureWrapper)[pri:0, instance:EmpRunner.TestRunner@2890c451]" started-at="2022-08-16T17:35:23 IST" name="runScenario" description="Runs Cucumber Scenarios" data-provider="scenarios" finished-at="2022-08-16T17:35:24 IST" duration-ms="462" status="PASS">
          <params>
            <param index="0">
              <value>
                <![CDATA["Verify that error is thrown when phoneNumber is not given While Creating a Employee"]]>
              </value>
            </param>
            <param index="1">
              <value>
                <![CDATA["Optional[EmployeeController Feature]"]]>
              </value>
            </param>
          </params>
          <reporter-output>
          </reporter-output>
        </test-method> <!-- runScenario -->
        <test-method signature="runScenario(io.cucumber.testng.PickleWrapper,io.cucumber.testng.FeatureWrapper)[pri:0, instance:EmpRunner.TestRunner@2890c451]" started-at="2022-08-16T17:35:24 IST" name="runScenario" description="Runs Cucumber Scenarios" data-provider="scenarios" finished-at="2022-08-16T17:35:25 IST" duration-ms="957" status="PASS">
          <params>
            <param index="0">
              <value>
                <![CDATA["Verify that a user able to get the details of Employees by using valid Endpoint"]]>
              </value>
            </param>
            <param index="1">
              <value>
                <![CDATA["Optional[EmployeeController Feature]"]]>
              </value>
            </param>
          </params>
          <reporter-output>
          </reporter-output>
        </test-method> <!-- runScenario -->
        <test-method signature="runScenario(io.cucumber.testng.PickleWrapper,io.cucumber.testng.FeatureWrapper)[pri:0, instance:EmpRunner.TestRunner@2890c451]" started-at="2022-08-16T17:35:25 IST" name="runScenario" description="Runs Cucumber Scenarios" data-provider="scenarios" finished-at="2022-08-16T17:35:26 IST" duration-ms="1013" status="PASS">
          <params>
            <param index="0">
              <value>
                <![CDATA["Verify that a user not able to get the details of Employees by using invalid endpoint"]]>
              </value>
            </param>
            <param index="1">
              <value>
                <![CDATA["Optional[EmployeeController Feature]"]]>
              </value>
            </param>
          </params>
          <reporter-output>
          </reporter-output>
        </test-method> <!-- runScenario -->
        <test-method signature="runScenario(io.cucumber.testng.PickleWrapper,io.cucumber.testng.FeatureWrapper)[pri:0, instance:EmpRunner.TestRunner@2890c451]" started-at="2022-08-16T17:35:26 IST" name="runScenario" description="Runs Cucumber Scenarios" data-provider="scenarios" finished-at="2022-08-16T17:35:27 IST" duration-ms="992" status="PASS">
          <params>
            <param index="0">
              <value>
                <![CDATA["Verify that a user able to get the details of Employee by ID"]]>
              </value>
            </param>
            <param index="1">
              <value>
                <![CDATA["Optional[EmployeeController Feature]"]]>
              </value>
            </param>
          </params>
          <reporter-output>
          </reporter-output>
        </test-method> <!-- runScenario -->
        <test-method signature="runScenario(io.cucumber.testng.PickleWrapper,io.cucumber.testng.FeatureWrapper)[pri:0, instance:EmpRunner.TestRunner@2890c451]" started-at="2022-08-16T17:35:27 IST" name="runScenario" description="Runs Cucumber Scenarios" data-provider="scenarios" finished-at="2022-08-16T17:35:28 IST" duration-ms="1424" status="PASS">
          <params>
            <param index="0">
              <value>
                <![CDATA["Verify that a user able to get the details of Employees without using ID"]]>
              </value>
            </param>
            <param index="1">
              <value>
                <![CDATA["Optional[EmployeeController Feature]"]]>
              </value>
            </param>
          </params>
          <reporter-output>
          </reporter-output>
        </test-method> <!-- runScenario -->
        <test-method signature="runScenario(io.cucumber.testng.PickleWrapper,io.cucumber.testng.FeatureWrapper)[pri:0, instance:EmpRunner.TestRunner@2890c451]" started-at="2022-08-16T17:35:28 IST" name="runScenario" description="Runs Cucumber Scenarios" data-provider="scenarios" finished-at="2022-08-16T17:35:28 IST" duration-ms="423" status="PASS">
          <params>
            <param index="0">
              <value>
                <![CDATA["Verify that a Employee is updated"]]>
              </value>
            </param>
            <param index="1">
              <value>
                <![CDATA["Optional[EmployeeController Feature]"]]>
              </value>
            </param>
          </params>
          <reporter-output>
          </reporter-output>
        </test-method> <!-- runScenario -->
        <test-method signature="runScenario(io.cucumber.testng.PickleWrapper,io.cucumber.testng.FeatureWrapper)[pri:0, instance:EmpRunner.TestRunner@2890c451]" started-at="2022-08-16T17:35:28 IST" name="runScenario" description="Runs Cucumber Scenarios" data-provider="scenarios" finished-at="2022-08-16T17:35:29 IST" duration-ms="637" status="PASS">
          <params>
            <param index="0">
              <value>
                <![CDATA["Verify that error is thrown when ID is not given While Updating a Employee"]]>
              </value>
            </param>
            <param index="1">
              <value>
                <![CDATA["Optional[EmployeeController Feature]"]]>
              </value>
            </param>
          </params>
          <reporter-output>
          </reporter-output>
        </test-method> <!-- runScenario -->
        <test-method signature="runScenario(io.cucumber.testng.PickleWrapper,io.cucumber.testng.FeatureWrapper)[pri:0, instance:EmpRunner.TestRunner@2890c451]" started-at="2022-08-16T17:35:29 IST" name="runScenario" description="Runs Cucumber Scenarios" data-provider="scenarios" finished-at="2022-08-16T17:35:30 IST" duration-ms="659" status="PASS">
          <params>
            <param index="0">
              <value>
                <![CDATA["Verify that error is thrown when firstName is not given While Updating a Employee"]]>
              </value>
            </param>
            <param index="1">
              <value>
                <![CDATA["Optional[EmployeeController Feature]"]]>
              </value>
            </param>
          </params>
          <reporter-output>
          </reporter-output>
        </test-method> <!-- runScenario -->
        <test-method signature="runScenario(io.cucumber.testng.PickleWrapper,io.cucumber.testng.FeatureWrapper)[pri:0, instance:EmpRunner.TestRunner@2890c451]" started-at="2022-08-16T17:35:30 IST" name="runScenario" description="Runs Cucumber Scenarios" data-provider="scenarios" finished-at="2022-08-16T17:35:30 IST" duration-ms="502" status="PASS">
          <params>
            <param index="0">
              <value>
                <![CDATA["Verify that error is thrown when lastName is not given While Updating a Employee"]]>
              </value>
            </param>
            <param index="1">
              <value>
                <![CDATA["Optional[EmployeeController Feature]"]]>
              </value>
            </param>
          </params>
          <reporter-output>
          </reporter-output>
        </test-method> <!-- runScenario -->
        <test-method signature="runScenario(io.cucumber.testng.PickleWrapper,io.cucumber.testng.FeatureWrapper)[pri:0, instance:EmpRunner.TestRunner@2890c451]" started-at="2022-08-16T17:35:30 IST" name="runScenario" description="Runs Cucumber Scenarios" data-provider="scenarios" finished-at="2022-08-16T17:35:31 IST" duration-ms="401" status="PASS">
          <params>
            <param index="0">
              <value>
                <![CDATA["Verify that error is thrown when address is not given While Updating a Employee"]]>
              </value>
            </param>
            <param index="1">
              <value>
                <![CDATA["Optional[EmployeeController Feature]"]]>
              </value>
            </param>
          </params>
          <reporter-output>
          </reporter-output>
        </test-method> <!-- runScenario -->
        <test-method signature="runScenario(io.cucumber.testng.PickleWrapper,io.cucumber.testng.FeatureWrapper)[pri:0, instance:EmpRunner.TestRunner@2890c451]" started-at="2022-08-16T17:35:31 IST" name="runScenario" description="Runs Cucumber Scenarios" data-provider="scenarios" finished-at="2022-08-16T17:35:31 IST" duration-ms="367" status="PASS">
          <params>
            <param index="0">
              <value>
                <![CDATA["Verify that error is thrown when phoneNumber is not given While Updating a Employee"]]>
              </value>
            </param>
            <param index="1">
              <value>
                <![CDATA["Optional[EmployeeController Feature]"]]>
              </value>
            </param>
          </params>
          <reporter-output>
          </reporter-output>
        </test-method> <!-- runScenario -->
        <test-method signature="runScenario(io.cucumber.testng.PickleWrapper,io.cucumber.testng.FeatureWrapper)[pri:0, instance:EmpRunner.TestRunner@2890c451]" started-at="2022-08-16T17:35:31 IST" name="runScenario" description="Runs Cucumber Scenarios" data-provider="scenarios" finished-at="2022-08-16T17:35:31 IST" duration-ms="440" status="PASS">
          <params>
            <param index="0">
              <value>
                <![CDATA["Verify that a Employee is deleted"]]>
              </value>
            </param>
            <param index="1">
              <value>
                <![CDATA["Optional[EmployeeController Feature]"]]>
              </value>
            </param>
          </params>
          <reporter-output>
          </reporter-output>
        </test-method> <!-- runScenario -->
        <test-method signature="runScenario(io.cucumber.testng.PickleWrapper,io.cucumber.testng.FeatureWrapper)[pri:0, instance:EmpRunner.TestRunner@2890c451]" started-at="2022-08-16T17:35:31 IST" name="runScenario" description="Runs Cucumber Scenarios" data-provider="scenarios" finished-at="2022-08-16T17:35:32 IST" duration-ms="363" status="PASS">
          <params>
            <param index="0">
              <value>
                <![CDATA["Verify that error is thrown when ID is not given While Deleting a Employee"]]>
              </value>
            </param>
            <param index="1">
              <value>
                <![CDATA["Optional[EmployeeController Feature]"]]>
              </value>
            </param>
          </params>
          <reporter-output>
          </reporter-output>
        </test-method> <!-- runScenario -->
        <test-method is-config="true" signature="tearDownClass()[pri:0, instance:EmpRunner.TestRunner@2890c451]" started-at="2022-08-16T17:35:32 IST" name="tearDownClass" finished-at="2022-08-16T17:35:40 IST" duration-ms="8367" status="PASS">
          <reporter-output>
          </reporter-output>
        </test-method> <!-- tearDownClass -->
      </class> <!-- EmpRunner.TestRunner -->
    </test> <!-- Command line test -->
  </suite> <!-- Command line suite -->
</testng-results>
