<?xml version="1.0" encoding="UTF-8" ?>
<testsuite tests="17" failures="0" name="TestSuite" time="20.919" errors="0" skipped="0">
  <properties>
[...]
</properties>
  <testcase classname="EmpRunner.TestRunner" name="runScenario" time="6.714"/>
  <testcase classname="EmpRunner.TestRunner" name="runScenario" time="0.539"/>
  <testcase classname="EmpRunner.TestRunner" name="runScenario" time="0.561"/>
  <testcase classname="EmpRunner.TestRunner" name="runScenario" time="0.41"/>
  <testcase classname="EmpRunner.TestRunner" name="runScenario" time="0.481"/>
  <testcase classname="EmpRunner.TestRunner" name="runScenario" time="1.062"/>
  <testcase classname="EmpRunner.TestRunner" name="runScenario" time="0.883"/>
  <testcase classname="EmpRunner.TestRunner" name="runScenario" time="1.128"/>
  <testcase classname="EmpRunner.TestRunner" name="runScenario" time="7.726"/>
  <testcase classname="EmpRunner.TestRunner" name="runScenario" time="0.131"/>
  <testcase classname="EmpRunner.TestRunner" name="runScenario" time="0.375"/>
  <testcase classname="EmpRunner.TestRunner" name="runScenario" time="0.291"/>
  <testcase classname="EmpRunner.TestRunner" name="runScenario" time="0.252"/>
  <testcase classname="EmpRunner.TestRunner" name="runScenario" time="0.015"/>
  <testcase classname="EmpRunner.TestRunner" name="runScenario" time="0.085"/>
  <testcase classname="EmpRunner.TestRunner" name="runScenario" time="0.243"/>
  <testcase classname="EmpRunner.TestRunner" name="runScenario" time="0.023"/>
</testsuite>